{"name": "test_login[chromium]", "status": "failed", "statusDetails": {"message": "AssertionError", "trace": "self = <Suites.login.LoginRegistration object at 0x000002343F1C1760>\n\n    @allure.step(\"Click log in button\")\n    def click_log_in_button(self):\n        try:\n            log_in_button = (self.page.locator(\"div\").filter(has_text=re.compile(r\"^Log in\"))\n                             .get_by_role(\"button\").click())\n>           log_in_button.click()\nE           AttributeError: 'NoneType' object has no attribute 'click'\n\nSuites\\login.py:84: AttributeError\n\nThe above exception was the direct cause of the following exception:\n\npage = <Page url='https://tombriches.com/account/profile/main'>\n\n    @allure.suite(\"Login\")\n    def test_login(page):\n        login = LoginRegistration(page)\n>       login.open_site()\n\ntest_tr_smoke.py:23: \n_ _ _ _ _ _ _ _ _ _ _ _ _ _ _ _ _ _ _ _ _ _ _ _ _ _ _ _ _ _ _ _ _ _ _ _ _ _ _ _ _ _ _ _ _ _ _ _ _ _ _ _ _ _ _ _ _ _ _ _ _ _ _ _ _ _ _ _ _ _ _ _ _ _ _ _ _ _ _ _ _ _ _ _ _ _ _ _ _ _ _ _ _ _ _ _ _ _ _ _ _ _ _ _ _ _ _ _ _ _ _ _ _ _ _ _ _ _ _ _ _ _ _ _ _ _ _ _ _ _\nSuites\\login.py:24: in open_site\n    self.press_sign_up_button()\nSuites\\login.py:36: in press_sign_up_button\n    self.check_transf_to_login()\nSuites\\login.py:52: in check_transf_to_login\n    self.fill_email()\nSuites\\login.py:65: in fill_email\n    self.fill_password_field()\nSuites\\login.py:77: in fill_password_field\n    self.click_log_in_button()\n_ _ _ _ _ _ _ _ _ _ _ _ _ _ _ _ _ _ _ _ _ _ _ _ _ _ _ _ _ _ _ _ _ _ _ _ _ _ _ _ _ _ _ _ _ _ _ _ _ _ _ _ _ _ _ _ _ _ _ _ _ _ _ _ _ _ _ _ _ _ _ _ _ _ _ _ _ _ _ _ _ _ _ _ _ _ _ _ _ _ _ _ _ _ _ _ _ _ _ _ _ _ _ _ _ _ _ _ _ _ _ _ _ _ _ _ _ _ _ _ _ _ _ _ _ _ _ _ _ _\n\nself = <Suites.login.LoginRegistration object at 0x000002343F1C1760>\n\n    @allure.step(\"Click log in button\")\n    def click_log_in_button(self):\n        try:\n            log_in_button = (self.page.locator(\"div\").filter(has_text=re.compile(r\"^Log in\"))\n                             .get_by_role(\"button\").click())\n            log_in_button.click()\n            allure.attach(self.page.screenshot(), name='Log in button clicked', attachment_type=allure.attachment_type.PNG)\n        except Exception as e:\n            allure.attach(self.page.screenshot(), name='Log in button is not clicked', attachment_type=allure.attachment_type.PNG)\n>           raise AssertionError from e\nE           AssertionError\n\nSuites\\login.py:88: AssertionError"}, "steps": [{"name": "Check transfer to login tab", "status": "failed", "statusDetails": {"message": "AssertionError\n", "trace": "  File \"C:\\Users\\User\\Desktop\\Automation\\TR_Smoke\\.venv\\Lib\\site-packages\\allure_commons\\_allure.py\", line 192, in impl\n    return func(*a, **kw)\n           ^^^^^^^^^^^^^^\n  File \"C:\\Users\\User\\Desktop\\Automation\\TR_Smoke\\Suites\\login.py\", line 52, in check_transf_to_login\n    self.fill_email()\n  File \"C:\\Users\\User\\Desktop\\Automation\\TR_Smoke\\.venv\\Lib\\site-packages\\allure_commons\\_allure.py\", line 192, in impl\n    return func(*a, **kw)\n           ^^^^^^^^^^^^^^\n  File \"C:\\Users\\User\\Desktop\\Automation\\TR_Smoke\\Suites\\login.py\", line 65, in fill_email\n    self.fill_password_field()\n  File \"C:\\Users\\User\\Desktop\\Automation\\TR_Smoke\\.venv\\Lib\\site-packages\\allure_commons\\_allure.py\", line 192, in impl\n    return func(*a, **kw)\n           ^^^^^^^^^^^^^^\n  File \"C:\\Users\\User\\Desktop\\Automation\\TR_Smoke\\Suites\\login.py\", line 77, in fill_password_field\n    self.click_log_in_button()\n  File \"C:\\Users\\User\\Desktop\\Automation\\TR_Smoke\\.venv\\Lib\\site-packages\\allure_commons\\_allure.py\", line 192, in impl\n    return func(*a, **kw)\n           ^^^^^^^^^^^^^^\n  File \"C:\\Users\\User\\Desktop\\Automation\\TR_Smoke\\Suites\\login.py\", line 88, in click_log_in_button\n    raise AssertionError from e\n"}, "steps": [{"name": "Fill in credentials", "status": "failed", "statusDetails": {"message": "AssertionError\n", "trace": "  File \"C:\\Users\\User\\Desktop\\Automation\\TR_Smoke\\.venv\\Lib\\site-packages\\allure_commons\\_allure.py\", line 192, in impl\n    return func(*a, **kw)\n           ^^^^^^^^^^^^^^\n  File \"C:\\Users\\User\\Desktop\\Automation\\TR_Smoke\\Suites\\login.py\", line 65, in fill_email\n    self.fill_password_field()\n  File \"C:\\Users\\User\\Desktop\\Automation\\TR_Smoke\\.venv\\Lib\\site-packages\\allure_commons\\_allure.py\", line 192, in impl\n    return func(*a, **kw)\n           ^^^^^^^^^^^^^^\n  File \"C:\\Users\\User\\Desktop\\Automation\\TR_Smoke\\Suites\\login.py\", line 77, in fill_password_field\n    self.click_log_in_button()\n  File \"C:\\Users\\User\\Desktop\\Automation\\TR_Smoke\\.venv\\Lib\\site-packages\\allure_commons\\_allure.py\", line 192, in impl\n    return func(*a, **kw)\n           ^^^^^^^^^^^^^^\n  File \"C:\\Users\\User\\Desktop\\Automation\\TR_Smoke\\Suites\\login.py\", line 88, in click_log_in_button\n    raise AssertionError from e\n"}, "steps": [{"name": "Fill in password", "status": "failed", "statusDetails": {"message": "AssertionError\n", "trace": "  File \"C:\\Users\\User\\Desktop\\Automation\\TR_Smoke\\.venv\\Lib\\site-packages\\allure_commons\\_allure.py\", line 192, in impl\n    return func(*a, **kw)\n           ^^^^^^^^^^^^^^\n  File \"C:\\Users\\User\\Desktop\\Automation\\TR_Smoke\\Suites\\login.py\", line 77, in fill_password_field\n    self.click_log_in_button()\n  File \"C:\\Users\\User\\Desktop\\Automation\\TR_Smoke\\.venv\\Lib\\site-packages\\allure_commons\\_allure.py\", line 192, in impl\n    return func(*a, **kw)\n           ^^^^^^^^^^^^^^\n  File \"C:\\Users\\User\\Desktop\\Automation\\TR_Smoke\\Suites\\login.py\", line 88, in click_log_in_button\n    raise AssertionError from e\n"}, "steps": [{"name": "Click log in button", "status": "failed", "statusDetails": {"message": "AssertionError\n", "trace": "  File \"C:\\Users\\User\\Desktop\\Automation\\TR_Smoke\\.venv\\Lib\\site-packages\\allure_commons\\_allure.py\", line 192, in impl\n    return func(*a, **kw)\n           ^^^^^^^^^^^^^^\n  File \"C:\\Users\\User\\Desktop\\Automation\\TR_Smoke\\Suites\\login.py\", line 88, in click_log_in_button\n    raise AssertionError from e\n"}, "steps": [{"name": "Enter account", "status": "passed", "steps": [{"name": "Check email", "status": "passed", "start": 1713294793883, "stop": 1713294803896}], "attachments": [{"name": "Account button pressed", "source": "3c85b676-b116-4bba-a886-eb16b4ba3ba9-attachment.png", "type": "image/png"}], "start": 1713294793177, "stop": 1713294803896}], "attachments": [{"name": "Log in button is not clicked", "source": "c9913764-cfc8-430b-81fe-02d734562fdf-attachment.png", "type": "image/png"}], "start": 1713294781730, "stop": 1713294803896}], "attachments": [{"name": "Password field filled", "source": "b955b404-fc78-4617-b00b-4b81d7331fb7-attachment.png", "type": "image/png"}], "start": 1713294781420, "stop": 1713294803896}], "attachments": [{"name": "Username field filled", "source": "ef8e6891-487d-41c1-804a-404ff6d6894b-attachment.png", "type": "image/png"}], "start": 1713294781112, "stop": 1713294803897}], "attachments": [{"name": "Transfer to login tab", "source": "62c9aa81-5c60-4584-ab92-5cfd75843616-attachment.png", "type": "image/png"}], "start": 1713294780767, "stop": 1713294803898}], "attachments": [{"name": "Page open", "source": "11b17c55-7ced-448d-8d46-bbbf6cf0d4f7-attachment.png", "type": "image/png"}, {"name": "Sign up button clicked", "source": "69f824bf-888d-4cc3-ba04-04dc44f14c4c-attachment.png", "type": "image/png"}], "parameters": [{"name": "browser_name", "value": "'chromium'"}], "start": 1713294778032, "stop": 1713294803898, "uuid": "28a0ffe0-5744-4443-8a6f-3ff5ca9a1936", "historyId": "edb000f5b0bc4c6e8c91874b2c7dc3e1", "testCaseId": "9249a9f88c9379dc7b2af6418aa5251d", "fullName": "test_tr_smoke#test_login", "labels": [{"name": "suite", "value": "Login"}, {"name": "host", "value": "DESKTOP-EFHMBBJ"}, {"name": "thread", "value": "4260-MainThread"}, {"name": "framework", "value": "pytest"}, {"name": "language", "value": "cpython3"}, {"name": "package", "value": "test_tr_smoke"}]}