{"name": "test_login[chromium]", "status": "failed", "statusDetails": {"message": "AssertionError", "trace": "self = <Suites.login.LoginRegistration object at 0x000002BFF633D6D0>\n\n    @allure.step(\"Click log in button\")\n    def click_log_in_button(self):\n        try:\n            log_in_button = (self.page.locator(\"div\").filter(has_text=re.compile(r\"^Log inForgot your password\\?$\"))\n                             .get_by_role(\"button\").click())\n>           log_in_button.click()\nE           AttributeError: 'NoneType' object has no attribute 'click'\n\nSuites\\login.py:84: AttributeError\n\nThe above exception was the direct cause of the following exception:\n\npage = <Page url='https://tombriches.com/account/profile/main'>\n\n    @allure.suite(\"Login\")\n    def test_login(page):\n        login = LoginRegistration(page)\n>       login.open_site()\n\ntest_tr_smoke.py:23: \n_ _ _ _ _ _ _ _ _ _ _ _ _ _ _ _ _ _ _ _ _ _ _ _ _ _ _ _ _ _ _ _ _ _ _ _ _ _ _ _ _ _ _ _ _ _ _ _ _ _ _ _ _ _ _ _ _ _ _ _ _ _ _ _ _ _ _ _ _ _ _ _ _ _ _ _ _ _ _ _ _ _ _ _ _ _ _ _ _ _ _ _ _ _ _ _ _ _ _ _ _ _ _ _ _ _ _ _ _ _ _ _ _ _ _ _ _ _ _ _ _ _ _ _ _ _ _ _ _ _\nSuites\\login.py:24: in open_site\n    self.press_sign_up_button()\nSuites\\login.py:36: in press_sign_up_button\n    self.check_transf_to_login()\nSuites\\login.py:52: in check_transf_to_login\n    self.fill_email()\nSuites\\login.py:65: in fill_email\n    self.fill_password_field()\nSuites\\login.py:77: in fill_password_field\n    self.click_log_in_button()\n_ _ _ _ _ _ _ _ _ _ _ _ _ _ _ _ _ _ _ _ _ _ _ _ _ _ _ _ _ _ _ _ _ _ _ _ _ _ _ _ _ _ _ _ _ _ _ _ _ _ _ _ _ _ _ _ _ _ _ _ _ _ _ _ _ _ _ _ _ _ _ _ _ _ _ _ _ _ _ _ _ _ _ _ _ _ _ _ _ _ _ _ _ _ _ _ _ _ _ _ _ _ _ _ _ _ _ _ _ _ _ _ _ _ _ _ _ _ _ _ _ _ _ _ _ _ _ _ _ _\n\nself = <Suites.login.LoginRegistration object at 0x000002BFF633D6D0>\n\n    @allure.step(\"Click log in button\")\n    def click_log_in_button(self):\n        try:\n            log_in_button = (self.page.locator(\"div\").filter(has_text=re.compile(r\"^Log inForgot your password\\?$\"))\n                             .get_by_role(\"button\").click())\n            log_in_button.click()\n            allure.attach(self.page.screenshot(), name='Log in button clicked', attachment_type=allure.attachment_type.PNG)\n        except Exception as e:\n            allure.attach(self.page.screenshot(), name='Log in button is not clicked', attachment_type=allure.attachment_type.PNG)\n>           raise AssertionError from e\nE           AssertionError\n\nSuites\\login.py:88: AssertionError"}, "steps": [{"name": "Check transfer to login tab", "status": "failed", "statusDetails": {"message": "AssertionError\n", "trace": "  File \"C:\\Users\\User\\Desktop\\Automation\\TR_Smoke\\.venv\\Lib\\site-packages\\allure_commons\\_allure.py\", line 192, in impl\n    return func(*a, **kw)\n           ^^^^^^^^^^^^^^\n  File \"C:\\Users\\User\\Desktop\\Automation\\TR_Smoke\\Suites\\login.py\", line 52, in check_transf_to_login\n    self.fill_email()\n  File \"C:\\Users\\User\\Desktop\\Automation\\TR_Smoke\\.venv\\Lib\\site-packages\\allure_commons\\_allure.py\", line 192, in impl\n    return func(*a, **kw)\n           ^^^^^^^^^^^^^^\n  File \"C:\\Users\\User\\Desktop\\Automation\\TR_Smoke\\Suites\\login.py\", line 65, in fill_email\n    self.fill_password_field()\n  File \"C:\\Users\\User\\Desktop\\Automation\\TR_Smoke\\.venv\\Lib\\site-packages\\allure_commons\\_allure.py\", line 192, in impl\n    return func(*a, **kw)\n           ^^^^^^^^^^^^^^\n  File \"C:\\Users\\User\\Desktop\\Automation\\TR_Smoke\\Suites\\login.py\", line 77, in fill_password_field\n    self.click_log_in_button()\n  File \"C:\\Users\\User\\Desktop\\Automation\\TR_Smoke\\.venv\\Lib\\site-packages\\allure_commons\\_allure.py\", line 192, in impl\n    return func(*a, **kw)\n           ^^^^^^^^^^^^^^\n  File \"C:\\Users\\User\\Desktop\\Automation\\TR_Smoke\\Suites\\login.py\", line 88, in click_log_in_button\n    raise AssertionError from e\n"}, "steps": [{"name": "Fill in credentials", "status": "failed", "statusDetails": {"message": "AssertionError\n", "trace": "  File \"C:\\Users\\User\\Desktop\\Automation\\TR_Smoke\\.venv\\Lib\\site-packages\\allure_commons\\_allure.py\", line 192, in impl\n    return func(*a, **kw)\n           ^^^^^^^^^^^^^^\n  File \"C:\\Users\\User\\Desktop\\Automation\\TR_Smoke\\Suites\\login.py\", line 65, in fill_email\n    self.fill_password_field()\n  File \"C:\\Users\\User\\Desktop\\Automation\\TR_Smoke\\.venv\\Lib\\site-packages\\allure_commons\\_allure.py\", line 192, in impl\n    return func(*a, **kw)\n           ^^^^^^^^^^^^^^\n  File \"C:\\Users\\User\\Desktop\\Automation\\TR_Smoke\\Suites\\login.py\", line 77, in fill_password_field\n    self.click_log_in_button()\n  File \"C:\\Users\\User\\Desktop\\Automation\\TR_Smoke\\.venv\\Lib\\site-packages\\allure_commons\\_allure.py\", line 192, in impl\n    return func(*a, **kw)\n           ^^^^^^^^^^^^^^\n  File \"C:\\Users\\User\\Desktop\\Automation\\TR_Smoke\\Suites\\login.py\", line 88, in click_log_in_button\n    raise AssertionError from e\n"}, "steps": [{"name": "Fill in password", "status": "failed", "statusDetails": {"message": "AssertionError\n", "trace": "  File \"C:\\Users\\User\\Desktop\\Automation\\TR_Smoke\\.venv\\Lib\\site-packages\\allure_commons\\_allure.py\", line 192, in impl\n    return func(*a, **kw)\n           ^^^^^^^^^^^^^^\n  File \"C:\\Users\\User\\Desktop\\Automation\\TR_Smoke\\Suites\\login.py\", line 77, in fill_password_field\n    self.click_log_in_button()\n  File \"C:\\Users\\User\\Desktop\\Automation\\TR_Smoke\\.venv\\Lib\\site-packages\\allure_commons\\_allure.py\", line 192, in impl\n    return func(*a, **kw)\n           ^^^^^^^^^^^^^^\n  File \"C:\\Users\\User\\Desktop\\Automation\\TR_Smoke\\Suites\\login.py\", line 88, in click_log_in_button\n    raise AssertionError from e\n"}, "steps": [{"name": "Click log in button", "status": "failed", "statusDetails": {"message": "AssertionError\n", "trace": "  File \"C:\\Users\\User\\Desktop\\Automation\\TR_Smoke\\.venv\\Lib\\site-packages\\allure_commons\\_allure.py\", line 192, in impl\n    return func(*a, **kw)\n           ^^^^^^^^^^^^^^\n  File \"C:\\Users\\User\\Desktop\\Automation\\TR_Smoke\\Suites\\login.py\", line 88, in click_log_in_button\n    raise AssertionError from e\n"}, "steps": [{"name": "Enter account", "status": "passed", "steps": [{"name": "Check email", "status": "passed", "start": 1713294560738, "stop": 1713294570749}], "attachments": [{"name": "Account button pressed", "source": "306b2c5b-de9b-440e-b66c-164a2d8f6bf8-attachment.png", "type": "image/png"}], "start": 1713294560027, "stop": 1713294570749}], "attachments": [{"name": "Log in button is not clicked", "source": "19a71083-f070-4c3a-b094-0d90d84d8e0a-attachment.png", "type": "image/png"}], "start": 1713294548824, "stop": 1713294570749}], "attachments": [{"name": "Password field filled", "source": "07891103-e961-4793-8587-8a2b489bd0e6-attachment.png", "type": "image/png"}], "start": 1713294548511, "stop": 1713294570749}], "attachments": [{"name": "Username field filled", "source": "a043d9d6-9223-4dd2-8904-f17cd6840f10-attachment.png", "type": "image/png"}], "start": 1713294548247, "stop": 1713294570750}], "attachments": [{"name": "Transfer to login tab", "source": "25653298-2f03-4c4b-a0f3-200fc51d5f50-attachment.png", "type": "image/png"}], "start": 1713294547949, "stop": 1713294570750}], "attachments": [{"name": "Page open", "source": "860eec43-da5e-4dc7-843b-ab3f1e3ba45b-attachment.png", "type": "image/png"}, {"name": "Sign up button clicked", "source": "c64025c9-350a-4ae5-ab19-efb3895e7aff-attachment.png", "type": "image/png"}], "parameters": [{"name": "browser_name", "value": "'chromium'"}], "start": 1713294545511, "stop": 1713294570751, "uuid": "98812a34-1c4e-4d09-b39a-d93f53a2e0dd", "historyId": "edb000f5b0bc4c6e8c91874b2c7dc3e1", "testCaseId": "9249a9f88c9379dc7b2af6418aa5251d", "fullName": "test_tr_smoke#test_login", "labels": [{"name": "suite", "value": "Login"}, {"name": "host", "value": "DESKTOP-EFHMBBJ"}, {"name": "thread", "value": "26116-MainThread"}, {"name": "framework", "value": "pytest"}, {"name": "language", "value": "cpython3"}, {"name": "package", "value": "test_tr_smoke"}]}